Wed Jul 15 2026 14:0:22 - [[32minfo[39m]: Redis client connected successfully
Wed Jul 15 2026 14:0:22 - [[32minfo[39m]: MongoDB Connected: localhost
Wed Jul 15 2026 14:0:22 - [[32minfo[39m]: Server running in development mode on port 5050
Wed Jul 15 2026 14:0:35 - [[32minfo[39m]: Redis client connected successfully
Wed Jul 15 2026 14:0:35 - [[32minfo[39m]: MongoDB Connected: localhost
Wed Jul 15 2026 14:0:35 - [[32minfo[39m]: Server running in development mode on port 5050
Wed Jul 15 2026 14:0:43 - [[32minfo[39m]: Redis client connected successfully
Wed Jul 15 2026 14:0:43 - [[32minfo[39m]: MongoDB Connected: localhost
Wed Jul 15 2026 14:0:43 - [[32minfo[39m]: Server running in development mode on port 5050
Wed Jul 15 2026 14:1:46 - [[32minfo[39m]: Redis client connected successfully
Wed Jul 15 2026 14:1:47 - [[32minfo[39m]: MongoDB Connected: localhost
Wed Jul 15 2026 14:1:47 - [[32minfo[39m]: Server running in development mode on port 5050
Wed Jul 15 2026 14:8:51 - [[32minfo[39m]: Redis client connected successfully
Wed Jul 15 2026 14:8:51 - [[32minfo[39m]: MongoDB Connected: localhost
Wed Jul 15 2026 14:8:51 - [[32minfo[39m]: Server running in development mode on port 5050
Wed Jul 15 2026 14:10:51 - [[32minfo[39m]: Redis client connected successfully
Wed Jul 15 2026 14:10:51 - [[32minfo[39m]: MongoDB Connected: localhost
Wed Jul 15 2026 14:10:51 - [[32minfo[39m]: Server running in development mode on port 5050
Wed Jul 15 2026 14:11:29 - [[32minfo[39m]: Redis client connected successfully
Wed Jul 15 2026 14:11:29 - [[32minfo[39m]: MongoDB Connected: localhost
Wed Jul 15 2026 14:11:29 - [[32minfo[39m]: Server running in development mode on port 5050
Wed Jul 15 2026 14:16:49 - [[32minfo[39m]: Redis client connected successfully
Wed Jul 15 2026 14:16:49 - [[32minfo[39m]: MongoDB Connected: localhost
Wed Jul 15 2026 14:16:49 - [[32minfo[39m]: Server running in development mode on port 5050
Wed Jul 15 2026 14:16:54 - [[32minfo[39m]: Redis client connected successfully
Wed Jul 15 2026 14:16:54 - [[32minfo[39m]: MongoDB Connected: localhost
Wed Jul 15 2026 14:16:54 - [[32minfo[39m]: Server running in development mode on port 5050
Wed Jul 15 2026 14:18:14 - [[32minfo[39m]: Added email job to queue for dev.mehrabhossain@gmail.com
Wed Jul 15 2026 14:18:14 - [[32minfo[39m]: Sending welcome email to dev.mehrabhossain@gmail.com...
Wed Jul 15 2026 14:18:17 - [[33mwarn[39m]: Job 2 failed (Attempt 1). Retrying...
Wed Jul 15 2026 14:18:19 - [[32minfo[39m]: Sending welcome email to dev.mehrabhossain@gmail.com...
Wed Jul 15 2026 14:18:21 - [[33mwarn[39m]: Job 2 failed (Attempt 2). Retrying...
Wed Jul 15 2026 14:18:26 - [[32minfo[39m]: Sending welcome email to dev.mehrabhossain@gmail.com...
Wed Jul 15 2026 14:18:28 - [[33mwarn[39m]: Job 2 failed (Attempt 3). Retrying...
Wed Jul 15 2026 14:18:36 - [[32minfo[39m]: Sending welcome email to dev.mehrabhossain@gmail.com...
Wed Jul 15 2026 14:18:39 - [[33mwarn[39m]: Job 2 failed (Attempt 4). Retrying...
Wed Jul 15 2026 14:18:55 - [[32minfo[39m]: Sending welcome email to dev.mehrabhossain@gmail.com...
Wed Jul 15 2026 14:18:58 - [[31merror[39m]: Job 2 PERMANENTLY failed after 5 attempts: Missing credentials for "PLAIN"
Wed Jul 15 2026 14:22:47 - [[32minfo[39m]: Redis client connected successfully
Wed Jul 15 2026 14:22:47 - [[32minfo[39m]: MongoDB Connected: localhost
Wed Jul 15 2026 14:22:47 - [[32minfo[39m]: Server running in development mode on port 5050
Wed Jul 15 2026 14:23:19 - [[32minfo[39m]: Added email job to queue for dev.mehrabhossain@gmail.com
Wed Jul 15 2026 14:23:19 - [[32minfo[39m]: Sending welcome email to dev.mehrabhossain@gmail.com...
Wed Jul 15 2026 14:23:22 - [[33mwarn[39m]: Job 3 failed (Attempt 1). Retrying...
Wed Jul 15 2026 14:23:24 - [[32minfo[39m]: Sending welcome email to dev.mehrabhossain@gmail.com...
Wed Jul 15 2026 14:23:27 - [[33mwarn[39m]: Job 3 failed (Attempt 2). Retrying...
Wed Jul 15 2026 14:23:31 - [[32minfo[39m]: Sending welcome email to dev.mehrabhossain@gmail.com...
Wed Jul 15 2026 14:23:34 - [[33mwarn[39m]: Job 3 failed (Attempt 3). Retrying...
Wed Jul 15 2026 14:23:42 - [[32minfo[39m]: Sending welcome email to dev.mehrabhossain@gmail.com...
Wed Jul 15 2026 14:23:46 - [[33mwarn[39m]: Job 3 failed (Attempt 4). Retrying...
Wed Jul 15 2026 14:24:2 - [[32minfo[39m]: Sending welcome email to dev.mehrabhossain@gmail.com...
Wed Jul 15 2026 14:24:6 - [[31merror[39m]: Job 3 PERMANENTLY failed after 5 attempts: Missing credentials for "PLAIN"
Wed Jul 15 2026 14:27:12 - [[32minfo[39m]: Redis client connected successfully
Wed Jul 15 2026 14:27:12 - [[32minfo[39m]: MongoDB Connected: localhost
Wed Jul 15 2026 14:27:12 - [[32minfo[39m]: Server running in development mode on port 5050
Wed Jul 15 2026 14:27:55 - [[32minfo[39m]: Added email job to queue for dev.mehrabhossain@gmail.com
Wed Jul 15 2026 14:27:55 - [[32minfo[39m]: Sending welcome email to dev.mehrabhossain@gmail.com...
Wed Jul 15 2026 14:28:0 - [[32minfo[39m]: Successfully sent welcome email to dev.mehrabhossain@gmail.com!
