Thu Jul 16 2026 23:32:10 - [[32minfo[39m]: Client disconnected: r7BIgNP7m2BSCEevAAAH
Thu Jul 16 2026 23:32:10 - [[32minfo[39m]: Client disconnected: i4a6zpvXvhGlO75pAAAD
Thu Jul 16 2026 23:32:11 - [[32minfo[39m]: New client connected: tneqJuSml1dTByfBAAAJ
Thu Jul 16 2026 23:32:11 - [[32minfo[39m]: User 6a53d945c988a5f7556c0a81 mapped to socket tneqJuSml1dTByfBAAAJ
Thu Jul 16 2026 23:32:11 - [[32minfo[39m]: New client connected: 8hZDWJ7Jww5QQh0lAAAL
Thu Jul 16 2026 23:32:11 - [[32minfo[39m]: User 6a58b84b8f754e2fbe84e15a mapped to socket 8hZDWJ7Jww5QQh0lAAAL
Thu Jul 16 2026 23:32:14 - [[32minfo[39m]: Client disconnected: 8hZDWJ7Jww5QQh0lAAAL
Thu Jul 16 2026 23:32:14 - [[32minfo[39m]: Client disconnected: tneqJuSml1dTByfBAAAJ
Thu Jul 16 2026 23:32:14 - [[32minfo[39m]: New client connected: GJfrK-9EnIlZ04wEAAAN
Thu Jul 16 2026 23:32:14 - [[32minfo[39m]: User 6a53d945c988a5f7556c0a81 mapped to socket GJfrK-9EnIlZ04wEAAAN
Thu Jul 16 2026 23:32:14 - [[32minfo[39m]: New client connected: c-8GLtvOx3wYqanxAAAP
Thu Jul 16 2026 23:32:14 - [[32minfo[39m]: User 6a58b84b8f754e2fbe84e15a mapped to socket c-8GLtvOx3wYqanxAAAP
Thu Jul 16 2026 23:34:53 - [[32minfo[39m]: Client disconnected: c-8GLtvOx3wYqanxAAAP
Thu Jul 16 2026 23:34:53 - [[32minfo[39m]: Client disconnected: GJfrK-9EnIlZ04wEAAAN
Thu Jul 16 2026 23:34:55 - [[32minfo[39m]: New client connected: -9bZYriCmkaWbWUGAAAR
Thu Jul 16 2026 23:34:55 - [[32minfo[39m]: User 6a53d945c988a5f7556c0a81 mapped to socket -9bZYriCmkaWbWUGAAAR
Thu Jul 16 2026 23:34:55 - [[32minfo[39m]: New client connected: Ru4St1MXQ1La1wziAAAT
Thu Jul 16 2026 23:34:55 - [[32minfo[39m]: User 6a58b84b8f754e2fbe84e15a mapped to socket Ru4St1MXQ1La1wziAAAT
Thu Jul 16 2026 23:36:7 - [[32minfo[39m]: Client disconnected: Ru4St1MXQ1La1wziAAAT
Thu Jul 16 2026 23:41:2 - [[32minfo[39m]: New client connected: i23JsIeMalYbNlssAAAV
Thu Jul 16 2026 23:41:2 - [[32minfo[39m]: User 6a58b84b8f754e2fbe84e15a mapped to socket i23JsIeMalYbNlssAAAV
Thu Jul 16 2026 23:41:4 - [[32minfo[39m]: Client disconnected: i23JsIeMalYbNlssAAAV
Thu Jul 16 2026 23:41:5 - [[32minfo[39m]: New client connected: nD06IAKCFcmftu9HAAAX
Thu Jul 16 2026 23:41:5 - [[32minfo[39m]: User 6a58b84b8f754e2fbe84e15a mapped to socket nD06IAKCFcmftu9HAAAX
