Thu Jul 16 2026 21:7:16 - [[32minfo[39m]: New client connected: xRwTP2KufOPA7r6fAAAK
Thu Jul 16 2026 21:7:16 - [[32minfo[39m]: User 6a53d945c988a5f7556c0a81 mapped to socket xRwTP2KufOPA7r6fAAAK
Thu Jul 16 2026 21:10:59 - [[32minfo[39m]: Client disconnected: kD6QT7YAteJ-fr7xAAAI
Thu Jul 16 2026 21:10:59 - [[32minfo[39m]: New client connected: 2Dl9VSR7E-cyb5MZAAAM
Thu Jul 16 2026 21:10:59 - [[32minfo[39m]: User 6a58b84b8f754e2fbe84e15a mapped to socket 2Dl9VSR7E-cyb5MZAAAM
Thu Jul 16 2026 21:14:48 - [[32minfo[39m]: Client disconnected: 2Dl9VSR7E-cyb5MZAAAM
Thu Jul 16 2026 21:14:49 - [[32minfo[39m]: New client connected: WAT-hZ6LybTmxbdgAAAO
Thu Jul 16 2026 21:14:49 - [[32minfo[39m]: User 6a58b84b8f754e2fbe84e15a mapped to socket WAT-hZ6LybTmxbdgAAAO
Thu Jul 16 2026 21:14:57 - [[32minfo[39m]: Client disconnected: WAT-hZ6LybTmxbdgAAAO
Thu Jul 16 2026 21:14:58 - [[32minfo[39m]: New client connected: Aq6ZehLk3yHPWL5QAAAQ
Thu Jul 16 2026 21:14:58 - [[32minfo[39m]: User 6a58b84b8f754e2fbe84e15a mapped to socket Aq6ZehLk3yHPWL5QAAAQ
Thu Jul 16 2026 21:16:30 - [[32minfo[39m]: Client disconnected: Aq6ZehLk3yHPWL5QAAAQ
Thu Jul 16 2026 21:16:30 - [[32minfo[39m]: New client connected: DphLqo_x7qQfPCsCAAAS
Thu Jul 16 2026 21:16:30 - [[32minfo[39m]: User 6a58b84b8f754e2fbe84e15a mapped to socket DphLqo_x7qQfPCsCAAAS
Thu Jul 16 2026 21:16:40 - [[32minfo[39m]: Client disconnected: DphLqo_x7qQfPCsCAAAS
Thu Jul 16 2026 21:16:40 - [[32minfo[39m]: New client connected: R8ZWCMYKGn5KP31GAAAU
Thu Jul 16 2026 21:16:40 - [[32minfo[39m]: User 6a58b84b8f754e2fbe84e15a mapped to socket R8ZWCMYKGn5KP31GAAAU
Thu Jul 16 2026 21:20:12 - [[32minfo[39m]: Client disconnected: R8ZWCMYKGn5KP31GAAAU
Thu Jul 16 2026 21:20:12 - [[32minfo[39m]: New client connected: DH1_jQuqgYls2eYDAAAW
Thu Jul 16 2026 21:20:12 - [[32minfo[39m]: User 6a58b84b8f754e2fbe84e15a mapped to socket DH1_jQuqgYls2eYDAAAW
Thu Jul 16 2026 21:21:16 - [[32minfo[39m]: Client disconnected: DH1_jQuqgYls2eYDAAAW
Thu Jul 16 2026 21:21:17 - [[32minfo[39m]: New client connected: 2EbgJkeAbjzVZxedAAAY
Thu Jul 16 2026 21:21:17 - [[32minfo[39m]: User 6a58b84b8f754e2fbe84e15a mapped to socket 2EbgJkeAbjzVZxedAAAY
Thu Jul 16 2026 21:28:7 - [[32minfo[39m]: Client disconnected: 2EbgJkeAbjzVZxedAAAY
Thu Jul 16 2026 21:28:7 - [[32minfo[39m]: New client connected: Qzbzo4_XbuKT7tcVAAAa
Thu Jul 16 2026 21:28:7 - [[32minfo[39m]: User 6a58b84b8f754e2fbe84e15a mapped to socket Qzbzo4_XbuKT7tcVAAAa
Thu Jul 16 2026 21:31:27 - [[32minfo[39m]: Client disconnected: Qzbzo4_XbuKT7tcVAAAa
Thu Jul 16 2026 21:31:28 - [[32minfo[39m]: Client disconnected: xRwTP2KufOPA7r6fAAAK
Thu Jul 16 2026 21:31:28 - [[32minfo[39m]: New client connected: qfsH23yXY3i54hq-AAAc
Thu Jul 16 2026 21:31:28 - [[32minfo[39m]: User 6a58b84b8f754e2fbe84e15a mapped to socket qfsH23yXY3i54hq-AAAc
Thu Jul 16 2026 21:31:28 - [[32minfo[39m]: New client connected: jou2V9MViQ32UehPAAAe
Thu Jul 16 2026 21:31:28 - [[32minfo[39m]: User 6a53d945c988a5f7556c0a81 mapped to socket jou2V9MViQ32UehPAAAe
Thu Jul 16 2026 21:35:0 - [[32minfo[39m]: Client disconnected: qfsH23yXY3i54hq-AAAc
Thu Jul 16 2026 21:35:1 - [[32minfo[39m]: Client disconnected: jou2V9MViQ32UehPAAAe
Thu Jul 16 2026 21:35:1 - [[32minfo[39m]: New client connected: 93cOViPeGXj5BSANAAAg
Thu Jul 16 2026 21:35:1 - [[32minfo[39m]: User 6a53d945c988a5f7556c0a81 mapped to socket 93cOViPeGXj5BSANAAAg
Thu Jul 16 2026 21:35:1 - [[32minfo[39m]: New client connected: Yyih5CJUNqJKuXsNAAAi
Thu Jul 16 2026 21:35:1 - [[32minfo[39m]: User 6a58b84b8f754e2fbe84e15a mapped to socket Yyih5CJUNqJKuXsNAAAi
Thu Jul 16 2026 21:47:20 - [[32minfo[39m]: Client disconnected: Yyih5CJUNqJKuXsNAAAi
Thu Jul 16 2026 21:47:20 - [[32minfo[39m]: New client connected: 0X0FY66C7DAZOXScAAAk
Thu Jul 16 2026 21:47:20 - [[32minfo[39m]: User 6a58b84b8f754e2fbe84e15a mapped to socket 0X0FY66C7DAZOXScAAAk
Thu Jul 16 2026 21:47:58 - [[32minfo[39m]: Client disconnected: 0X0FY66C7DAZOXScAAAk
Thu Jul 16 2026 21:47:59 - [[32minfo[39m]: New client connected: VcUOBpux40xt_UikAAAm
Thu Jul 16 2026 21:47:59 - [[32minfo[39m]: User 6a58b84b8f754e2fbe84e15a mapped to socket VcUOBpux40xt_UikAAAm
Thu Jul 16 2026 21:48:10 - [[32minfo[39m]: Client disconnected: VcUOBpux40xt_UikAAAm
Thu Jul 16 2026 21:48:10 - [[32minfo[39m]: New client connected: pISRP_2ebxT_16C1AAAo
Thu Jul 16 2026 21:48:10 - [[32minfo[39m]: User 6a58b84b8f754e2fbe84e15a mapped to socket pISRP_2ebxT_16C1AAAo
Thu Jul 16 2026 21:50:4 - [[32minfo[39m]: Client disconnected: pISRP_2ebxT_16C1AAAo
Thu Jul 16 2026 21:50:5 - [[32minfo[39m]: New client connected: jd6gSY_9o7aH6qlZAAAq
Thu Jul 16 2026 21:50:5 - [[32minfo[39m]: User 6a58b84b8f754e2fbe84e15a mapped to socket jd6gSY_9o7aH6qlZAAAq
