Mon Jul 13 2026 11:18:1 - [[32minfo[39m]: MongoDB Connected: localhost
Mon Jul 13 2026 11:18:1 - [[32minfo[39m]: Server running in development mode on port 5050
Mon Jul 13 2026 11:22:19 - [[32minfo[39m]: MongoDB Connected: localhost
Mon Jul 13 2026 11:22:19 - [[32minfo[39m]: Server running in development mode on port 5050
Mon Jul 13 2026 11:22:36 - [[32minfo[39m]: MongoDB Connected: localhost
Mon Jul 13 2026 11:22:36 - [[32minfo[39m]: Server running in development mode on port 5050
Mon Jul 13 2026 11:31:2 - [[32minfo[39m]: MongoDB Connected: localhost
Mon Jul 13 2026 11:31:2 - [[32minfo[39m]: Server running in development mode on port 5050
Mon Jul 13 2026 11:44:17 - [[32minfo[39m]: MongoDB Connected: localhost
Mon Jul 13 2026 11:44:17 - [[32minfo[39m]: Server running in development mode on port 5050
Mon Jul 13 2026 11:45:6 - [[32minfo[39m]: MongoDB Connected: localhost
Mon Jul 13 2026 11:45:6 - [[32minfo[39m]: Server running in development mode on port 5050
Mon Jul 13 2026 11:53:11 - [[32minfo[39m]: MongoDB Connected: localhost
Mon Jul 13 2026 11:53:11 - [[32minfo[39m]: Server running in development mode on port 5050
Mon Jul 13 2026 11:53:17 - [[32minfo[39m]: Current User ID: undefined
Mon Jul 13 2026 11:53:50 - [[32minfo[39m]: MongoDB Connected: localhost
Mon Jul 13 2026 11:53:50 - [[32minfo[39m]: Server running in development mode on port 5050
Mon Jul 13 2026 11:53:52 - [[32minfo[39m]: Current User ID: [object Object]
Mon Jul 13 2026 11:53:59 - [[32minfo[39m]: MongoDB Connected: localhost
Mon Jul 13 2026 11:53:59 - [[32minfo[39m]: Server running in development mode on port 5050
Mon Jul 13 2026 11:54:0 - [[32minfo[39m]: Current User ID: [object Object]
Mon Jul 13 2026 11:54:22 - [[32minfo[39m]: MongoDB Connected: localhost
Mon Jul 13 2026 11:54:22 - [[32minfo[39m]: Server running in development mode on port 5050
Mon Jul 13 2026 11:54:22 - [[32minfo[39m]: Current User ID: {"userId":"6a53d945c988a5f7556c0a81","role":"STUDENT","iat":1783921464,"exp":1783922364}
Mon Jul 13 2026 11:54:43 - [[32minfo[39m]: MongoDB Connected: localhost
Mon Jul 13 2026 11:54:43 - [[32minfo[39m]: Server running in development mode on port 5050
Mon Jul 13 2026 11:59:16 - [[32minfo[39m]: MongoDB Connected: localhost
Mon Jul 13 2026 11:59:16 - [[32minfo[39m]: Server running in development mode on port 5050
Mon Jul 13 2026 11:59:40 - [[32minfo[39m]: MongoDB Connected: localhost
Mon Jul 13 2026 11:59:40 - [[32minfo[39m]: Server running in development mode on port 5050
Mon Jul 13 2026 11:59:48 - [[32minfo[39m]: MongoDB Connected: localhost
Mon Jul 13 2026 11:59:48 - [[32minfo[39m]: Server running in development mode on port 5050
Mon Jul 13 2026 11:59:58 - [[32minfo[39m]: MongoDB Connected: localhost
Mon Jul 13 2026 11:59:58 - [[32minfo[39m]: Server running in development mode on port 5050
