Wed Jul 15 2026 13:10:46 - [[32minfo[39m]: MongoDB Connected: localhost
Wed Jul 15 2026 13:10:46 - [[32minfo[39m]: Server running in development mode on port 5050
Wed Jul 15 2026 13:28:50 - [[32minfo[39m]: Redis client connected successfully
Wed Jul 15 2026 13:29:20 - [[32minfo[39m]: Redis client connected successfully
Wed Jul 15 2026 13:29:20 - [[32minfo[39m]: MongoDB Connected: localhost
Wed Jul 15 2026 13:29:20 - [[32minfo[39m]: Server running in development mode on port 5050
Wed Jul 15 2026 13:40:42 - [[32minfo[39m]: Redis client connected successfully
Wed Jul 15 2026 13:40:42 - [[32minfo[39m]: MongoDB Connected: localhost
Wed Jul 15 2026 13:40:42 - [[32minfo[39m]: Server running in development mode on port 5050
Wed Jul 15 2026 13:41:14 - [[32minfo[39m]: Redis client connected successfully
Wed Jul 15 2026 13:41:15 - [[32minfo[39m]: MongoDB Connected: localhost
Wed Jul 15 2026 13:41:15 - [[32minfo[39m]: Server running in development mode on port 5050
Wed Jul 15 2026 13:41:32 - [[32minfo[39m]: Redis client connected successfully
Wed Jul 15 2026 13:41:32 - [[32minfo[39m]: MongoDB Connected: localhost
Wed Jul 15 2026 13:41:32 - [[32minfo[39m]: Server running in development mode on port 5050
Wed Jul 15 2026 13:41:38 - [[32minfo[39m]: Redis client connected successfully
Wed Jul 15 2026 13:41:38 - [[32minfo[39m]: MongoDB Connected: localhost
Wed Jul 15 2026 13:41:38 - [[32minfo[39m]: Server running in development mode on port 5050
Wed Jul 15 2026 13:42:26 - [[32minfo[39m]: Redis client connected successfully
Wed Jul 15 2026 13:42:26 - [[32minfo[39m]: MongoDB Connected: localhost
Wed Jul 15 2026 13:42:26 - [[32minfo[39m]: Server running in development mode on port 5050
Wed Jul 15 2026 13:42:54 - [[32minfo[39m]: Redis client connected successfully
Wed Jul 15 2026 13:42:54 - [[32minfo[39m]: MongoDB Connected: localhost
Wed Jul 15 2026 13:42:54 - [[32minfo[39m]: Server running in development mode on port 5050
Wed Jul 15 2026 13:43:32 - [[32minfo[39m]: Redis client connected successfully
Wed Jul 15 2026 13:43:32 - [[32minfo[39m]: MongoDB Connected: localhost
Wed Jul 15 2026 13:43:32 - [[32minfo[39m]: Server running in development mode on port 5050
Wed Jul 15 2026 13:43:46 - [[32minfo[39m]: Redis client connected successfully
Wed Jul 15 2026 13:43:46 - [[32minfo[39m]: MongoDB Connected: localhost
Wed Jul 15 2026 13:43:46 - [[32minfo[39m]: Server running in development mode on port 5050
Wed Jul 15 2026 13:44:10 - [[32minfo[39m]: Redis client connected successfully
Wed Jul 15 2026 13:44:10 - [[32minfo[39m]: MongoDB Connected: localhost
Wed Jul 15 2026 13:44:10 - [[32minfo[39m]: Server running in development mode on port 5050
Wed Jul 15 2026 13:47:58 - [[32minfo[39m]: Added email job to queue for dev.mehrabhossain@gmail.com
Wed Jul 15 2026 13:47:58 - [[32minfo[39m]: Starting to send welcome email to dev.mehrabhossain@gmail.com...
Wed Jul 15 2026 13:48:1 - [[32minfo[39m]: Successfully sent welcome email to dev.mehrabhossain@gmail.com!
