Fri Jul 17 2026 0:18:49 - [[32minfo[39m]: Redis client connected successfully
Fri Jul 17 2026 0:18:49 - [[32minfo[39m]: MongoDB Connected: localhost
Fri Jul 17 2026 0:18:49 - [[32minfo[39m]: Server running in development mode on port 5050
Fri Jul 17 2026 0:18:49 - [[32minfo[39m]: Socket server is ready for connections!
Fri Jul 17 2026 0:18:50 - [[32minfo[39m]: New client connected: 5x7w0luq5sXopFfiAAAB
Fri Jul 17 2026 0:18:50 - [[32minfo[39m]: User 6a53d945c988a5f7556c0a81 mapped to socket 5x7w0luq5sXopFfiAAAB
Fri Jul 17 2026 0:19:13 - [[32minfo[39m]: New client connected: pu5HVkgLnXfCybhGAAAD
Fri Jul 17 2026 0:19:13 - [[32minfo[39m]: User 6a58b84b8f754e2fbe84e15a mapped to socket pu5HVkgLnXfCybhGAAAD
Fri Jul 17 2026 0:32:33 - [[32minfo[39m]: Redis client connected successfully
Fri Jul 17 2026 0:32:34 - [[32minfo[39m]: MongoDB Connected: localhost
Fri Jul 17 2026 0:32:34 - [[32minfo[39m]: Server running in development mode on port 5050
Fri Jul 17 2026 0:32:34 - [[32minfo[39m]: Socket server is ready for connections!
Fri Jul 17 2026 0:32:34 - [[32minfo[39m]: New client connected: vKALyyaikCBXj6mRAAAB
Fri Jul 17 2026 0:32:34 - [[32minfo[39m]: User 6a53d945c988a5f7556c0a81 mapped to socket vKALyyaikCBXj6mRAAAB
Fri Jul 17 2026 0:32:37 - [[32minfo[39m]: New client connected: -gP3gJovPHJ2CJZdAAAD
Fri Jul 17 2026 0:32:37 - [[32minfo[39m]: User 6a58b84b8f754e2fbe84e15a mapped to socket -gP3gJovPHJ2CJZdAAAD
Fri Jul 17 2026 0:37:57 - [[32minfo[39m]: Redis client connected successfully
Fri Jul 17 2026 0:37:57 - [[32minfo[39m]: MongoDB Connected: localhost
Fri Jul 17 2026 0:37:57 - [[32minfo[39m]: Server running in development mode on port 5050
Fri Jul 17 2026 0:37:57 - [[32minfo[39m]: Socket server is ready for connections!
Fri Jul 17 2026 0:38:0 - [[32minfo[39m]: New client connected: Fekd1D9r_j9_H4diAAAB
Fri Jul 17 2026 0:38:0 - [[32minfo[39m]: User 6a53d945c988a5f7556c0a81 mapped to socket Fekd1D9r_j9_H4diAAAB
Fri Jul 17 2026 0:38:21 - [[32minfo[39m]: New client connected: xsaC4yMxfNwQVm6XAAAD
Fri Jul 17 2026 0:38:21 - [[32minfo[39m]: User 6a58b84b8f754e2fbe84e15a mapped to socket xsaC4yMxfNwQVm6XAAAD
